{"@timestamp":"2025-05-14T13:42:50.681477+09:00","@version":"1","message":"Starting EurekaServiceApplication using Java 21.0.6 with PID 11885 (/Users/noah/Documents/dev/NHN/final-project/eureka-service/target/classes started by noah in /Users/noah/Documents/dev/NHN/final-project/eureka-service)","logger_name":"com.nhnacademy.eurekaservice.EurekaServiceApplication","thread_name":"main","level":"INFO","level_value":20000}
{"@timestamp":"2025-05-14T13:42:50.686022+09:00","@version":"1","message":"No active profile set, falling back to 1 default profile: \"default\"","logger_name":"com.nhnacademy.eurekaservice.EurekaServiceApplication","thread_name":"main","level":"INFO","level_value":20000}
{"@timestamp":"2025-05-14T13:42:51.077064+09:00","@version":"1","message":"BeanFactory id=f8babebd-ce3b-3a19-b7f3-83aebb8cc752","logger_name":"org.springframework.cloud.context.scope.GenericScope","thread_name":"main","level":"INFO","level_value":20000}
{"@timestamp":"2025-05-14T13:42:51.19323+09:00","@version":"1","message":"Tomcat initialized with port 10252 (http)","logger_name":"org.springframework.boot.web.embedded.tomcat.TomcatWebServer","thread_name":"main","level":"INFO","level_value":20000}
{"@timestamp":"2025-05-14T13:42:51.198562+09:00","@version":"1","message":"Initializing ProtocolHandler [\"http-nio-10252\"]","logger_name":"org.apache.coyote.http11.Http11NioProtocol","thread_name":"main","level":"INFO","level_value":20000}
{"@timestamp":"2025-05-14T13:42:51.199155+09:00","@version":"1","message":"Starting service [Tomcat]","logger_name":"org.apache.catalina.core.StandardService","thread_name":"main","level":"INFO","level_value":20000}
{"@timestamp":"2025-05-14T13:42:51.199239+09:00","@version":"1","message":"Starting Servlet engine: [Apache Tomcat/10.1.39]","logger_name":"org.apache.catalina.core.StandardEngine","thread_name":"main","level":"INFO","level_value":20000}
{"@timestamp":"2025-05-14T13:42:51.219115+09:00","@version":"1","message":"Initializing Spring embedded WebApplicationContext","logger_name":"org.apache.catalina.core.ContainerBase.[Tomcat].[localhost].[/]","thread_name":"main","level":"INFO","level_value":20000}
{"@timestamp":"2025-05-14T13:42:51.219245+09:00","@version":"1","message":"Root WebApplicationContext: initialization completed in 520 ms","logger_name":"org.springframework.boot.web.servlet.context.ServletWebServerApplicationContext","thread_name":"main","level":"INFO","level_value":20000}
{"@timestamp":"2025-05-14T13:42:51.589525+09:00","@version":"1","message":"Using JSON encoding codec LegacyJacksonJson","logger_name":"com.netflix.discovery.provider.DiscoveryJerseyProvider","thread_name":"main","level":"INFO","level_value":20000}
{"@timestamp":"2025-05-14T13:42:51.59008+09:00","@version":"1","message":"Using JSON decoding codec LegacyJacksonJson","logger_name":"com.netflix.discovery.provider.DiscoveryJerseyProvider","thread_name":"main","level":"INFO","level_value":20000}
{"@timestamp":"2025-05-14T13:42:51.652927+09:00","@version":"1","message":"Using XML encoding codec XStreamXml","logger_name":"com.netflix.discovery.provider.DiscoveryJerseyProvider","thread_name":"main","level":"INFO","level_value":20000}
{"@timestamp":"2025-05-14T13:42:51.653021+09:00","@version":"1","message":"Using XML decoding codec XStreamXml","logger_name":"com.netflix.discovery.provider.DiscoveryJerseyProvider","thread_name":"main","level":"INFO","level_value":20000}
{"@timestamp":"2025-05-14T13:42:51.704234+09:00","@version":"1","message":"Failed to set up a Bean Validation provider: jakarta.validation.NoProviderFoundException: Unable to create a Configuration, because no Jakarta Bean Validation provider could be found. Add a provider like Hibernate Validator (RI) to your classpath.","logger_name":"org.springframework.validation.beanvalidation.OptionalValidatorFactoryBean","thread_name":"main","level":"INFO","level_value":20000}
{"@timestamp":"2025-05-14T13:42:51.985253+09:00","@version":"1","message":"Spring Cloud LoadBalancer is currently working with the default cache. While this cache implementation is useful for development and tests, it's recommended to use Caffeine cache in production.You can switch to using Caffeine cache, by adding it and org.springframework.cache.caffeine.CaffeineCacheManager to the classpath.","logger_name":"org.springframework.cloud.loadbalancer.config.LoadBalancerCacheAutoConfiguration$LoadBalancerCaffeineWarnLogger","thread_name":"main","level":"WARN","level_value":30000}
{"@timestamp":"2025-05-14T13:42:51.991513+09:00","@version":"1","message":"Setting initial instance status as: STARTING","logger_name":"org.springframework.cloud.netflix.eureka.InstanceInfoFactory","thread_name":"main","level":"INFO","level_value":20000}
{"@timestamp":"2025-05-14T13:42:51.998569+09:00","@version":"1","message":"Initializing Eureka in region us-east-1","logger_name":"com.netflix.discovery.DiscoveryClient","thread_name":"main","level":"INFO","level_value":20000}
{"@timestamp":"2025-05-14T13:42:51.998621+09:00","@version":"1","message":"Client configured to neither register nor query for data.","logger_name":"com.netflix.discovery.DiscoveryClient","thread_name":"main","level":"INFO","level_value":20000}
{"@timestamp":"2025-05-14T13:42:51.99914+09:00","@version":"1","message":"Discovery Client initialized at timestamp 1747197771998 with initial instances count: 0","logger_name":"com.netflix.discovery.DiscoveryClient","thread_name":"main","level":"INFO","level_value":20000}
{"@timestamp":"2025-05-14T13:42:52.014273+09:00","@version":"1","message":"Initializing ...","logger_name":"com.netflix.eureka.DefaultEurekaServerContext","thread_name":"main","level":"INFO","level_value":20000}
{"@timestamp":"2025-05-14T13:42:52.014781+09:00","@version":"1","message":"The replica size seems to be empty. Check the route 53 DNS Registry","logger_name":"com.netflix.eureka.cluster.PeerEurekaNodes","thread_name":"main","level":"WARN","level_value":30000}
{"@timestamp":"2025-05-14T13:42:52.018356+09:00","@version":"1","message":"Finished initializing remote region registries. All known remote regions: []","logger_name":"com.netflix.eureka.registry.AbstractInstanceRegistry","thread_name":"main","level":"INFO","level_value":20000}
{"@timestamp":"2025-05-14T13:42:52.018426+09:00","@version":"1","message":"Initialized","logger_name":"com.netflix.eureka.DefaultEurekaServerContext","thread_name":"main","level":"INFO","level_value":20000}
{"@timestamp":"2025-05-14T13:42:52.022946+09:00","@version":"1","message":"Exposing 17 endpoints beneath base path '/actuator'","logger_name":"org.springframework.boot.actuate.endpoint.web.EndpointLinksResolver","thread_name":"main","level":"INFO","level_value":20000}
{"@timestamp":"2025-05-14T13:42:52.05199+09:00","@version":"1","message":"Registering application EUREKA-SERVICE with eureka with status UP","logger_name":"org.springframework.cloud.netflix.eureka.serviceregistry.EurekaServiceRegistry","thread_name":"main","level":"INFO","level_value":20000}
{"@timestamp":"2025-05-14T13:42:52.052572+09:00","@version":"1","message":"Starting ProtocolHandler [\"http-nio-10252\"]","logger_name":"org.apache.coyote.http11.Http11NioProtocol","thread_name":"main","level":"INFO","level_value":20000}
{"@timestamp":"2025-05-14T13:42:52.058655+09:00","@version":"1","message":"isAws returned false","logger_name":"org.springframework.cloud.netflix.eureka.server.EurekaServerBootstrap","thread_name":"Thread-9","level":"INFO","level_value":20000}
{"@timestamp":"2025-05-14T13:42:52.058856+09:00","@version":"1","message":"Initialized server context","logger_name":"org.springframework.cloud.netflix.eureka.server.EurekaServerBootstrap","thread_name":"Thread-9","level":"INFO","level_value":20000}
{"@timestamp":"2025-05-14T13:42:52.05892+09:00","@version":"1","message":"Got 1 instances from neighboring DS node","logger_name":"com.netflix.eureka.registry.PeerAwareInstanceRegistryImpl","thread_name":"Thread-9","level":"INFO","level_value":20000}
{"@timestamp":"2025-05-14T13:42:52.05896+09:00","@version":"1","message":"Renew threshold is: 1","logger_name":"com.netflix.eureka.registry.PeerAwareInstanceRegistryImpl","thread_name":"Thread-9","level":"INFO","level_value":20000}
{"@timestamp":"2025-05-14T13:42:52.059024+09:00","@version":"1","message":"Changing status to UP","logger_name":"com.netflix.eureka.registry.PeerAwareInstanceRegistryImpl","thread_name":"Thread-9","level":"INFO","level_value":20000}
{"@timestamp":"2025-05-14T13:42:52.060483+09:00","@version":"1","message":"Started Eureka Server","logger_name":"org.springframework.cloud.netflix.eureka.server.EurekaServerInitializerConfiguration","thread_name":"Thread-9","level":"INFO","level_value":20000}
{"@timestamp":"2025-05-14T13:42:52.06416+09:00","@version":"1","message":"Tomcat started on port 10252 (http) with context path '/'","logger_name":"org.springframework.boot.web.embedded.tomcat.TomcatWebServer","thread_name":"main","level":"INFO","level_value":20000}
{"@timestamp":"2025-05-14T13:42:52.064585+09:00","@version":"1","message":"Updating port to 10252","logger_name":"org.springframework.cloud.netflix.eureka.serviceregistry.EurekaAutoServiceRegistration","thread_name":"main","level":"INFO","level_value":20000}
{"@timestamp":"2025-05-14T13:42:52.076592+09:00","@version":"1","message":"Started EurekaServiceApplication in 1.781 seconds (process running for 2.363)","logger_name":"com.nhnacademy.eurekaservice.EurekaServiceApplication","thread_name":"main","level":"INFO","level_value":20000}
{"@timestamp":"2025-05-14T13:42:52.647692+09:00","@version":"1","message":"Initializing Spring DispatcherServlet 'dispatcherServlet'","logger_name":"org.apache.catalina.core.ContainerBase.[Tomcat].[localhost].[/]","thread_name":"RMI TCP Connection(2)-127.0.0.1","level":"INFO","level_value":20000}
{"@timestamp":"2025-05-14T13:42:52.64794+09:00","@version":"1","message":"Initializing Servlet 'dispatcherServlet'","logger_name":"org.springframework.web.servlet.DispatcherServlet","thread_name":"RMI TCP Connection(2)-127.0.0.1","level":"INFO","level_value":20000}
{"@timestamp":"2025-05-14T13:42:52.64885+09:00","@version":"1","message":"Completed initialization in 0 ms","logger_name":"org.springframework.web.servlet.DispatcherServlet","thread_name":"RMI TCP Connection(2)-127.0.0.1","level":"INFO","level_value":20000}
{"@timestamp":"2025-05-14T13:43:52.064555+09:00","@version":"1","message":"Running the evict task with compensationTime 0ms","logger_name":"com.netflix.eureka.registry.AbstractInstanceRegistry","thread_name":"Eureka-EvictionTimer","level":"INFO","level_value":20000}
{"@timestamp":"2025-05-14T13:44:52.06759+09:00","@version":"1","message":"Running the evict task with compensationTime 3ms","logger_name":"com.netflix.eureka.registry.AbstractInstanceRegistry","thread_name":"Eureka-EvictionTimer","level":"INFO","level_value":20000}
{"@timestamp":"2025-05-14T13:45:52.073773+09:00","@version":"1","message":"Running the evict task with compensationTime 5ms","logger_name":"com.netflix.eureka.registry.AbstractInstanceRegistry","thread_name":"Eureka-EvictionTimer","level":"INFO","level_value":20000}
{"@timestamp":"2025-05-14T13:46:52.074893+09:00","@version":"1","message":"Running the evict task with compensationTime 1ms","logger_name":"com.netflix.eureka.registry.AbstractInstanceRegistry","thread_name":"Eureka-EvictionTimer","level":"INFO","level_value":20000}
{"@timestamp":"2025-05-14T13:47:52.078769+09:00","@version":"1","message":"Running the evict task with compensationTime 4ms","logger_name":"com.netflix.eureka.registry.AbstractInstanceRegistry","thread_name":"Eureka-EvictionTimer","level":"INFO","level_value":20000}
{"@timestamp":"2025-05-14T13:48:52.08222+09:00","@version":"1","message":"Running the evict task with compensationTime 3ms","logger_name":"com.netflix.eureka.registry.AbstractInstanceRegistry","thread_name":"Eureka-EvictionTimer","level":"INFO","level_value":20000}
{"@timestamp":"2025-05-14T13:49:52.088738+09:00","@version":"1","message":"Running the evict task with compensationTime 4ms","logger_name":"com.netflix.eureka.registry.AbstractInstanceRegistry","thread_name":"Eureka-EvictionTimer","level":"INFO","level_value":20000}
{"@timestamp":"2025-05-14T13:50:52.092774+09:00","@version":"1","message":"Running the evict task with compensationTime 5ms","logger_name":"com.netflix.eureka.registry.AbstractInstanceRegistry","thread_name":"Eureka-EvictionTimer","level":"INFO","level_value":20000}
{"@timestamp":"2025-05-14T13:51:52.097106+09:00","@version":"1","message":"Running the evict task with compensationTime 4ms","logger_name":"com.netflix.eureka.registry.AbstractInstanceRegistry","thread_name":"Eureka-EvictionTimer","level":"INFO","level_value":20000}
{"@timestamp":"2025-05-14T13:52:52.024832+09:00","@version":"1","message":"The replica size seems to be empty. Check the route 53 DNS Registry","logger_name":"com.netflix.eureka.cluster.PeerEurekaNodes","thread_name":"Eureka-PeerNodesUpdater","level":"WARN","level_value":30000}
{"@timestamp":"2025-05-14T13:52:52.101203+09:00","@version":"1","message":"Running the evict task with compensationTime 4ms","logger_name":"com.netflix.eureka.registry.AbstractInstanceRegistry","thread_name":"Eureka-EvictionTimer","level":"INFO","level_value":20000}
{"@timestamp":"2025-05-14T13:53:52.107862+09:00","@version":"1","message":"Running the evict task with compensationTime 5ms","logger_name":"com.netflix.eureka.registry.AbstractInstanceRegistry","thread_name":"Eureka-EvictionTimer","level":"INFO","level_value":20000}
{"@timestamp":"2025-05-14T13:54:52.112171+09:00","@version":"1","message":"Running the evict task with compensationTime 4ms","logger_name":"com.netflix.eureka.registry.AbstractInstanceRegistry","thread_name":"Eureka-EvictionTimer","level":"INFO","level_value":20000}
{"@timestamp":"2025-05-14T13:55:52.117413+09:00","@version":"1","message":"Running the evict task with compensationTime 5ms","logger_name":"com.netflix.eureka.registry.AbstractInstanceRegistry","thread_name":"Eureka-EvictionTimer","level":"INFO","level_value":20000}
{"@timestamp":"2025-05-14T13:56:52.121601+09:00","@version":"1","message":"Running the evict task with compensationTime 4ms","logger_name":"com.netflix.eureka.registry.AbstractInstanceRegistry","thread_name":"Eureka-EvictionTimer","level":"INFO","level_value":20000}
{"@timestamp":"2025-05-14T13:57:52.023138+09:00","@version":"1","message":"Current renewal threshold is : 0","logger_name":"com.netflix.eureka.registry.PeerAwareInstanceRegistryImpl","thread_name":"ReplicaAwareInstanceRegistry - RenewalThresholdUpdater","level":"INFO","level_value":20000}
{"@timestamp":"2025-05-14T13:57:52.122229+09:00","@version":"1","message":"Running the evict task with compensationTime 8ms","logger_name":"com.netflix.eureka.registry.AbstractInstanceRegistry","thread_name":"Eureka-EvictionTimer","level":"INFO","level_value":20000}
{"@timestamp":"2025-05-14T13:58:52.127003+09:00","@version":"1","message":"Running the evict task with compensationTime 5ms","logger_name":"com.netflix.eureka.registry.AbstractInstanceRegistry","thread_name":"Eureka-EvictionTimer","level":"INFO","level_value":20000}
{"@timestamp":"2025-05-14T13:59:52.132572+09:00","@version":"1","message":"Running the evict task with compensationTime 5ms","logger_name":"com.netflix.eureka.registry.AbstractInstanceRegistry","thread_name":"Eureka-EvictionTimer","level":"INFO","level_value":20000}
{"@timestamp":"2025-05-14T14:00:52.138535+09:00","@version":"1","message":"Running the evict task with compensationTime 5ms","logger_name":"com.netflix.eureka.registry.AbstractInstanceRegistry","thread_name":"Eureka-EvictionTimer","level":"INFO","level_value":20000}
{"@timestamp":"2025-05-14T14:01:52.143058+09:00","@version":"1","message":"Running the evict task with compensationTime 5ms","logger_name":"com.netflix.eureka.registry.AbstractInstanceRegistry","thread_name":"Eureka-EvictionTimer","level":"INFO","level_value":20000}
{"@timestamp":"2025-05-14T14:02:52.026211+09:00","@version":"1","message":"The replica size seems to be empty. Check the route 53 DNS Registry","logger_name":"com.netflix.eureka.cluster.PeerEurekaNodes","thread_name":"Eureka-PeerNodesUpdater","level":"WARN","level_value":30000}
{"@timestamp":"2025-05-14T14:02:52.14312+09:00","@version":"1","message":"Running the evict task with compensationTime 1ms","logger_name":"com.netflix.eureka.registry.AbstractInstanceRegistry","thread_name":"Eureka-EvictionTimer","level":"INFO","level_value":20000}
{"@timestamp":"2025-05-14T14:03:52.148985+09:00","@version":"1","message":"Running the evict task with compensationTime 5ms","logger_name":"com.netflix.eureka.registry.AbstractInstanceRegistry","thread_name":"Eureka-EvictionTimer","level":"INFO","level_value":20000}
{"@timestamp":"2025-05-14T14:04:52.153308+09:00","@version":"1","message":"Running the evict task with compensationTime 4ms","logger_name":"com.netflix.eureka.registry.AbstractInstanceRegistry","thread_name":"Eureka-EvictionTimer","level":"INFO","level_value":20000}
{"@timestamp":"2025-05-14T14:05:52.15455+09:00","@version":"1","message":"Running the evict task with compensationTime 0ms","logger_name":"com.netflix.eureka.registry.AbstractInstanceRegistry","thread_name":"Eureka-EvictionTimer","level":"INFO","level_value":20000}
{"@timestamp":"2025-05-14T14:06:52.159536+09:00","@version":"1","message":"Running the evict task with compensationTime 5ms","logger_name":"com.netflix.eureka.registry.AbstractInstanceRegistry","thread_name":"Eureka-EvictionTimer","level":"INFO","level_value":20000}
{"@timestamp":"2025-05-14T14:07:52.164068+09:00","@version":"1","message":"Running the evict task with compensationTime 4ms","logger_name":"com.netflix.eureka.registry.AbstractInstanceRegistry","thread_name":"Eureka-EvictionTimer","level":"INFO","level_value":20000}
{"@timestamp":"2025-05-14T14:08:52.168547+09:00","@version":"1","message":"Running the evict task with compensationTime 4ms","logger_name":"com.netflix.eureka.registry.AbstractInstanceRegistry","thread_name":"Eureka-EvictionTimer","level":"INFO","level_value":20000}
{"@timestamp":"2025-05-14T14:09:52.170676+09:00","@version":"1","message":"Running the evict task with compensationTime 2ms","logger_name":"com.netflix.eureka.registry.AbstractInstanceRegistry","thread_name":"Eureka-EvictionTimer","level":"INFO","level_value":20000}
{"@timestamp":"2025-05-14T14:10:52.174744+09:00","@version":"1","message":"Running the evict task with compensationTime 3ms","logger_name":"com.netflix.eureka.registry.AbstractInstanceRegistry","thread_name":"Eureka-EvictionTimer","level":"INFO","level_value":20000}
{"@timestamp":"2025-05-14T14:11:52.17612+09:00","@version":"1","message":"Running the evict task with compensationTime 1ms","logger_name":"com.netflix.eureka.registry.AbstractInstanceRegistry","thread_name":"Eureka-EvictionTimer","level":"INFO","level_value":20000}
{"@timestamp":"2025-05-14T14:12:52.023447+09:00","@version":"1","message":"Current renewal threshold is : 0","logger_name":"com.netflix.eureka.registry.PeerAwareInstanceRegistryImpl","thread_name":"ReplicaAwareInstanceRegistry - RenewalThresholdUpdater","level":"INFO","level_value":20000}
{"@timestamp":"2025-05-14T14:12:52.031459+09:00","@version":"1","message":"The replica size seems to be empty. Check the route 53 DNS Registry","logger_name":"com.netflix.eureka.cluster.PeerEurekaNodes","thread_name":"Eureka-PeerNodesUpdater","level":"WARN","level_value":30000}
{"@timestamp":"2025-05-14T14:12:52.180738+09:00","@version":"1","message":"Running the evict task with compensationTime 5ms","logger_name":"com.netflix.eureka.registry.AbstractInstanceRegistry","thread_name":"Eureka-EvictionTimer","level":"INFO","level_value":20000}
{"@timestamp":"2025-05-14T14:13:52.198266+09:00","@version":"1","message":"Running the evict task with compensationTime 14ms","logger_name":"com.netflix.eureka.registry.AbstractInstanceRegistry","thread_name":"Eureka-EvictionTimer","level":"INFO","level_value":20000}
{"@timestamp":"2025-05-14T14:14:52.197066+09:00","@version":"1","message":"Running the evict task with compensationTime 1ms","logger_name":"com.netflix.eureka.registry.AbstractInstanceRegistry","thread_name":"Eureka-EvictionTimer","level":"INFO","level_value":20000}
{"@timestamp":"2025-05-14T14:15:52.199197+09:00","@version":"1","message":"Running the evict task with compensationTime 1ms","logger_name":"com.netflix.eureka.registry.AbstractInstanceRegistry","thread_name":"Eureka-EvictionTimer","level":"INFO","level_value":20000}
{"@timestamp":"2025-05-14T14:16:52.202672+09:00","@version":"1","message":"Running the evict task with compensationTime 4ms","logger_name":"com.netflix.eureka.registry.AbstractInstanceRegistry","thread_name":"Eureka-EvictionTimer","level":"INFO","level_value":20000}
{"@timestamp":"2025-05-14T14:17:52.208126+09:00","@version":"1","message":"Running the evict task with compensationTime 4ms","logger_name":"com.netflix.eureka.registry.AbstractInstanceRegistry","thread_name":"Eureka-EvictionTimer","level":"INFO","level_value":20000}
{"@timestamp":"2025-05-14T14:18:52.209024+09:00","@version":"1","message":"Running the evict task with compensationTime 1ms","logger_name":"com.netflix.eureka.registry.AbstractInstanceRegistry","thread_name":"Eureka-EvictionTimer","level":"INFO","level_value":20000}
{"@timestamp":"2025-05-14T14:19:52.214464+09:00","@version":"1","message":"Running the evict task with compensationTime 4ms","logger_name":"com.netflix.eureka.registry.AbstractInstanceRegistry","thread_name":"Eureka-EvictionTimer","level":"INFO","level_value":20000}
{"@timestamp":"2025-05-14T14:20:52.219415+09:00","@version":"1","message":"Running the evict task with compensationTime 5ms","logger_name":"com.netflix.eureka.registry.AbstractInstanceRegistry","thread_name":"Eureka-EvictionTimer","level":"INFO","level_value":20000}
{"@timestamp":"2025-05-14T14:21:52.223537+09:00","@version":"1","message":"Running the evict task with compensationTime 4ms","logger_name":"com.netflix.eureka.registry.AbstractInstanceRegistry","thread_name":"Eureka-EvictionTimer","level":"INFO","level_value":20000}
{"@timestamp":"2025-05-14T14:22:52.035787+09:00","@version":"1","message":"The replica size seems to be empty. Check the route 53 DNS Registry","logger_name":"com.netflix.eureka.cluster.PeerEurekaNodes","thread_name":"Eureka-PeerNodesUpdater","level":"WARN","level_value":30000}
{"@timestamp":"2025-05-14T14:22:52.223406+09:00","@version":"1","message":"Running the evict task with compensationTime 0ms","logger_name":"com.netflix.eureka.registry.AbstractInstanceRegistry","thread_name":"Eureka-EvictionTimer","level":"INFO","level_value":20000}
{"@timestamp":"2025-05-14T14:23:52.228389+09:00","@version":"1","message":"Running the evict task with compensationTime 5ms","logger_name":"com.netflix.eureka.registry.AbstractInstanceRegistry","thread_name":"Eureka-EvictionTimer","level":"INFO","level_value":20000}
{"@timestamp":"2025-05-14T14:24:52.232253+09:00","@version":"1","message":"Running the evict task with compensationTime 2ms","logger_name":"com.netflix.eureka.registry.AbstractInstanceRegistry","thread_name":"Eureka-EvictionTimer","level":"INFO","level_value":20000}
{"@timestamp":"2025-05-14T14:25:52.236673+09:00","@version":"1","message":"Running the evict task with compensationTime 4ms","logger_name":"com.netflix.eureka.registry.AbstractInstanceRegistry","thread_name":"Eureka-EvictionTimer","level":"INFO","level_value":20000}
{"@timestamp":"2025-05-14T14:26:52.241667+09:00","@version":"1","message":"Running the evict task with compensationTime 4ms","logger_name":"com.netflix.eureka.registry.AbstractInstanceRegistry","thread_name":"Eureka-EvictionTimer","level":"INFO","level_value":20000}
{"@timestamp":"2025-05-14T14:27:47.536427+09:00","@version":"1","message":"Registered instance GATEWAY-SERVICE/gateway-service:${spring.application.instance_id}:e60de421e3a09c6d52d48ef1f4faaa9a with status UP (replication=false)","logger_name":"com.netflix.eureka.registry.AbstractInstanceRegistry","thread_name":"http-nio-10252-exec-2","level":"INFO","level_value":20000}
{"@timestamp":"2025-05-14T14:27:52.022999+09:00","@version":"1","message":"Current renewal threshold is : 0","logger_name":"com.netflix.eureka.registry.PeerAwareInstanceRegistryImpl","thread_name":"ReplicaAwareInstanceRegistry - RenewalThresholdUpdater","level":"INFO","level_value":20000}
{"@timestamp":"2025-05-14T14:27:52.243725+09:00","@version":"1","message":"Running the evict task with compensationTime 3ms","logger_name":"com.netflix.eureka.registry.AbstractInstanceRegistry","thread_name":"Eureka-EvictionTimer","level":"INFO","level_value":20000}
{"@timestamp":"2025-05-14T14:28:52.24831+09:00","@version":"1","message":"Running the evict task with compensationTime 4ms","logger_name":"com.netflix.eureka.registry.AbstractInstanceRegistry","thread_name":"Eureka-EvictionTimer","level":"INFO","level_value":20000}
{"@timestamp":"2025-05-14T14:29:52.250425+09:00","@version":"1","message":"Running the evict task with compensationTime 3ms","logger_name":"com.netflix.eureka.registry.AbstractInstanceRegistry","thread_name":"Eureka-EvictionTimer","level":"INFO","level_value":20000}
{"@timestamp":"2025-05-14T14:30:52.256308+09:00","@version":"1","message":"Running the evict task with compensationTime 5ms","logger_name":"com.netflix.eureka.registry.AbstractInstanceRegistry","thread_name":"Eureka-EvictionTimer","level":"INFO","level_value":20000}
{"@timestamp":"2025-05-14T14:31:52.258809+09:00","@version":"1","message":"Running the evict task with compensationTime 2ms","logger_name":"com.netflix.eureka.registry.AbstractInstanceRegistry","thread_name":"Eureka-EvictionTimer","level":"INFO","level_value":20000}
{"@timestamp":"2025-05-14T14:32:52.038137+09:00","@version":"1","message":"The replica size seems to be empty. Check the route 53 DNS Registry","logger_name":"com.netflix.eureka.cluster.PeerEurekaNodes","thread_name":"Eureka-PeerNodesUpdater","level":"WARN","level_value":30000}
{"@timestamp":"2025-05-14T14:32:52.262384+09:00","@version":"1","message":"Running the evict task with compensationTime 4ms","logger_name":"com.netflix.eureka.registry.AbstractInstanceRegistry","thread_name":"Eureka-EvictionTimer","level":"INFO","level_value":20000}
{"@timestamp":"2025-05-14T14:33:52.26752+09:00","@version":"1","message":"Running the evict task with compensationTime 4ms","logger_name":"com.netflix.eureka.registry.AbstractInstanceRegistry","thread_name":"Eureka-EvictionTimer","level":"INFO","level_value":20000}
{"@timestamp":"2025-05-14T14:34:52.271973+09:00","@version":"1","message":"Running the evict task with compensationTime 4ms","logger_name":"com.netflix.eureka.registry.AbstractInstanceRegistry","thread_name":"Eureka-EvictionTimer","level":"INFO","level_value":20000}
{"@timestamp":"2025-05-14T14:35:52.276845+09:00","@version":"1","message":"Running the evict task with compensationTime 4ms","logger_name":"com.netflix.eureka.registry.AbstractInstanceRegistry","thread_name":"Eureka-EvictionTimer","level":"INFO","level_value":20000}
{"@timestamp":"2025-05-14T14:36:52.281447+09:00","@version":"1","message":"Running the evict task with compensationTime 5ms","logger_name":"com.netflix.eureka.registry.AbstractInstanceRegistry","thread_name":"Eureka-EvictionTimer","level":"INFO","level_value":20000}
{"@timestamp":"2025-05-14T14:37:52.287383+09:00","@version":"1","message":"Running the evict task with compensationTime 5ms","logger_name":"com.netflix.eureka.registry.AbstractInstanceRegistry","thread_name":"Eureka-EvictionTimer","level":"INFO","level_value":20000}
{"@timestamp":"2025-05-14T14:38:52.292246+09:00","@version":"1","message":"Running the evict task with compensationTime 5ms","logger_name":"com.netflix.eureka.registry.AbstractInstanceRegistry","thread_name":"Eureka-EvictionTimer","level":"INFO","level_value":20000}
{"@timestamp":"2025-05-14T14:39:52.295134+09:00","@version":"1","message":"Running the evict task with compensationTime 3ms","logger_name":"com.netflix.eureka.registry.AbstractInstanceRegistry","thread_name":"Eureka-EvictionTimer","level":"INFO","level_value":20000}
{"@timestamp":"2025-05-14T14:40:52.299618+09:00","@version":"1","message":"Running the evict task with compensationTime 4ms","logger_name":"com.netflix.eureka.registry.AbstractInstanceRegistry","thread_name":"Eureka-EvictionTimer","level":"INFO","level_value":20000}
{"@timestamp":"2025-05-14T14:41:52.300064+09:00","@version":"1","message":"Running the evict task with compensationTime 0ms","logger_name":"com.netflix.eureka.registry.AbstractInstanceRegistry","thread_name":"Eureka-EvictionTimer","level":"INFO","level_value":20000}
{"@timestamp":"2025-05-14T14:41:56.038146+09:00","@version":"1","message":"Unregistering application EUREKA-SERVICE with eureka with status DOWN","logger_name":"org.springframework.cloud.netflix.eureka.serviceregistry.EurekaServiceRegistry","thread_name":"SpringApplicationShutdownHook","level":"INFO","level_value":20000}
{"@timestamp":"2025-05-14T14:41:56.054911+09:00","@version":"1","message":"Commencing graceful shutdown. Waiting for active requests to complete","logger_name":"org.springframework.boot.web.embedded.tomcat.GracefulShutdown","thread_name":"SpringApplicationShutdownHook","level":"INFO","level_value":20000}
{"@timestamp":"2025-05-14T14:41:56.083187+09:00","@version":"1","message":"Graceful shutdown complete","logger_name":"org.springframework.boot.web.embedded.tomcat.GracefulShutdown","thread_name":"tomcat-shutdown","level":"INFO","level_value":20000}
{"@timestamp":"2025-05-14T14:41:56.089403+09:00","@version":"1","message":"Shutting down Eureka Server..","logger_name":"org.springframework.cloud.netflix.eureka.server.EurekaServerBootstrap","thread_name":"SpringApplicationShutdownHook","level":"INFO","level_value":20000}
{"@timestamp":"2025-05-14T14:41:56.089471+09:00","@version":"1","message":"Shutting down ...","logger_name":"com.netflix.eureka.DefaultEurekaServerContext","thread_name":"SpringApplicationShutdownHook","level":"INFO","level_value":20000}
{"@timestamp":"2025-05-14T14:41:56.090171+09:00","@version":"1","message":"Shut down","logger_name":"com.netflix.eureka.DefaultEurekaServerContext","thread_name":"SpringApplicationShutdownHook","level":"INFO","level_value":20000}
{"@timestamp":"2025-05-14T14:41:56.090208+09:00","@version":"1","message":"Eureka Service is now shutdown...","logger_name":"org.springframework.cloud.netflix.eureka.server.EurekaServerBootstrap","thread_name":"SpringApplicationShutdownHook","level":"INFO","level_value":20000}
{"@timestamp":"2025-05-14T14:41:56.092702+09:00","@version":"1","message":"Shutting down ...","logger_name":"com.netflix.eureka.DefaultEurekaServerContext","thread_name":"SpringApplicationShutdownHook","level":"INFO","level_value":20000}
{"@timestamp":"2025-05-14T14:41:56.092737+09:00","@version":"1","message":"Shut down","logger_name":"com.netflix.eureka.DefaultEurekaServerContext","thread_name":"SpringApplicationShutdownHook","level":"INFO","level_value":20000}
{"@timestamp":"2025-05-14T14:41:56.102139+09:00","@version":"1","message":"Shutting down DiscoveryClient ...","logger_name":"com.netflix.discovery.DiscoveryClient","thread_name":"SpringApplicationShutdownHook","level":"INFO","level_value":20000}
{"@timestamp":"2025-05-14T14:41:56.102183+09:00","@version":"1","message":"Completed shut down of DiscoveryClient","logger_name":"com.netflix.discovery.DiscoveryClient","thread_name":"SpringApplicationShutdownHook","level":"INFO","level_value":20000}
{"@timestamp":"2025-05-14T14:41:58.071692+09:00","@version":"1","message":"Starting EurekaServiceApplication using Java 21.0.6 with PID 15207 (/Users/noah/Documents/dev/NHN/final-project/eureka-service/target/classes started by noah in /Users/noah/Documents/dev/NHN/final-project/eureka-service)","logger_name":"com.nhnacademy.eurekaservice.EurekaServiceApplication","thread_name":"main","level":"INFO","level_value":20000}
{"@timestamp":"2025-05-14T14:41:58.075786+09:00","@version":"1","message":"No active profile set, falling back to 1 default profile: \"default\"","logger_name":"com.nhnacademy.eurekaservice.EurekaServiceApplication","thread_name":"main","level":"INFO","level_value":20000}
{"@timestamp":"2025-05-14T14:41:58.457094+09:00","@version":"1","message":"BeanFactory id=f8babebd-ce3b-3a19-b7f3-83aebb8cc752","logger_name":"org.springframework.cloud.context.scope.GenericScope","thread_name":"main","level":"INFO","level_value":20000}
{"@timestamp":"2025-05-14T14:41:58.579444+09:00","@version":"1","message":"Tomcat initialized with port 10252 (http)","logger_name":"org.springframework.boot.web.embedded.tomcat.TomcatWebServer","thread_name":"main","level":"INFO","level_value":20000}
{"@timestamp":"2025-05-14T14:41:58.584424+09:00","@version":"1","message":"Initializing ProtocolHandler [\"http-nio-10252\"]","logger_name":"org.apache.coyote.http11.Http11NioProtocol","thread_name":"main","level":"INFO","level_value":20000}
{"@timestamp":"2025-05-14T14:41:58.584976+09:00","@version":"1","message":"Starting service [Tomcat]","logger_name":"org.apache.catalina.core.StandardService","thread_name":"main","level":"INFO","level_value":20000}
{"@timestamp":"2025-05-14T14:41:58.585053+09:00","@version":"1","message":"Starting Servlet engine: [Apache Tomcat/10.1.39]","logger_name":"org.apache.catalina.core.StandardEngine","thread_name":"main","level":"INFO","level_value":20000}
{"@timestamp":"2025-05-14T14:41:58.603469+09:00","@version":"1","message":"Initializing Spring embedded WebApplicationContext","logger_name":"org.apache.catalina.core.ContainerBase.[Tomcat].[localhost].[/]","thread_name":"main","level":"INFO","level_value":20000}
{"@timestamp":"2025-05-14T14:41:58.603573+09:00","@version":"1","message":"Root WebApplicationContext: initialization completed in 513 ms","logger_name":"org.springframework.boot.web.servlet.context.ServletWebServerApplicationContext","thread_name":"main","level":"INFO","level_value":20000}
{"@timestamp":"2025-05-14T14:41:58.94255+09:00","@version":"1","message":"Using JSON encoding codec LegacyJacksonJson","logger_name":"com.netflix.discovery.provider.DiscoveryJerseyProvider","thread_name":"main","level":"INFO","level_value":20000}
{"@timestamp":"2025-05-14T14:41:58.94311+09:00","@version":"1","message":"Using JSON decoding codec LegacyJacksonJson","logger_name":"com.netflix.discovery.provider.DiscoveryJerseyProvider","thread_name":"main","level":"INFO","level_value":20000}
{"@timestamp":"2025-05-14T14:41:59.007083+09:00","@version":"1","message":"Using XML encoding codec XStreamXml","logger_name":"com.netflix.discovery.provider.DiscoveryJerseyProvider","thread_name":"main","level":"INFO","level_value":20000}
{"@timestamp":"2025-05-14T14:41:59.007171+09:00","@version":"1","message":"Using XML decoding codec XStreamXml","logger_name":"com.netflix.discovery.provider.DiscoveryJerseyProvider","thread_name":"main","level":"INFO","level_value":20000}
{"@timestamp":"2025-05-14T14:41:59.05745+09:00","@version":"1","message":"Failed to set up a Bean Validation provider: jakarta.validation.NoProviderFoundException: Unable to create a Configuration, because no Jakarta Bean Validation provider could be found. Add a provider like Hibernate Validator (RI) to your classpath.","logger_name":"org.springframework.validation.beanvalidation.OptionalValidatorFactoryBean","thread_name":"main","level":"INFO","level_value":20000}
{"@timestamp":"2025-05-14T14:41:59.328732+09:00","@version":"1","message":"Spring Cloud LoadBalancer is currently working with the default cache. While this cache implementation is useful for development and tests, it's recommended to use Caffeine cache in production.You can switch to using Caffeine cache, by adding it and org.springframework.cache.caffeine.CaffeineCacheManager to the classpath.","logger_name":"org.springframework.cloud.loadbalancer.config.LoadBalancerCacheAutoConfiguration$LoadBalancerCaffeineWarnLogger","thread_name":"main","level":"WARN","level_value":30000}
{"@timestamp":"2025-05-14T14:41:59.334695+09:00","@version":"1","message":"Setting initial instance status as: STARTING","logger_name":"org.springframework.cloud.netflix.eureka.InstanceInfoFactory","thread_name":"main","level":"INFO","level_value":20000}
{"@timestamp":"2025-05-14T14:41:59.344295+09:00","@version":"1","message":"Initializing Eureka in region us-east-1","logger_name":"com.netflix.discovery.DiscoveryClient","thread_name":"main","level":"INFO","level_value":20000}
{"@timestamp":"2025-05-14T14:41:59.344372+09:00","@version":"1","message":"Client configured to neither register nor query for data.","logger_name":"com.netflix.discovery.DiscoveryClient","thread_name":"main","level":"INFO","level_value":20000}
{"@timestamp":"2025-05-14T14:41:59.345257+09:00","@version":"1","message":"Discovery Client initialized at timestamp 1747201319344 with initial instances count: 0","logger_name":"com.netflix.discovery.DiscoveryClient","thread_name":"main","level":"INFO","level_value":20000}
{"@timestamp":"2025-05-14T14:41:59.359602+09:00","@version":"1","message":"Initializing ...","logger_name":"com.netflix.eureka.DefaultEurekaServerContext","thread_name":"main","level":"INFO","level_value":20000}
{"@timestamp":"2025-05-14T14:41:59.360052+09:00","@version":"1","message":"The replica size seems to be empty. Check the route 53 DNS Registry","logger_name":"com.netflix.eureka.cluster.PeerEurekaNodes","thread_name":"main","level":"WARN","level_value":30000}
{"@timestamp":"2025-05-14T14:41:59.363391+09:00","@version":"1","message":"Finished initializing remote region registries. All known remote regions: []","logger_name":"com.netflix.eureka.registry.AbstractInstanceRegistry","thread_name":"main","level":"INFO","level_value":20000}
{"@timestamp":"2025-05-14T14:41:59.363442+09:00","@version":"1","message":"Initialized","logger_name":"com.netflix.eureka.DefaultEurekaServerContext","thread_name":"main","level":"INFO","level_value":20000}
{"@timestamp":"2025-05-14T14:41:59.367112+09:00","@version":"1","message":"Exposing 17 endpoints beneath base path '/actuator'","logger_name":"org.springframework.boot.actuate.endpoint.web.EndpointLinksResolver","thread_name":"main","level":"INFO","level_value":20000}
{"@timestamp":"2025-05-14T14:41:59.394752+09:00","@version":"1","message":"Registering application EUREKA-SERVICE with eureka with status UP","logger_name":"org.springframework.cloud.netflix.eureka.serviceregistry.EurekaServiceRegistry","thread_name":"main","level":"INFO","level_value":20000}
{"@timestamp":"2025-05-14T14:41:59.395334+09:00","@version":"1","message":"Starting ProtocolHandler [\"http-nio-10252\"]","logger_name":"org.apache.coyote.http11.Http11NioProtocol","thread_name":"main","level":"INFO","level_value":20000}
{"@timestamp":"2025-05-14T14:41:59.398713+09:00","@version":"1","message":"isAws returned false","logger_name":"org.springframework.cloud.netflix.eureka.server.EurekaServerBootstrap","thread_name":"Thread-9","level":"INFO","level_value":20000}
{"@timestamp":"2025-05-14T14:41:59.398881+09:00","@version":"1","message":"Initialized server context","logger_name":"org.springframework.cloud.netflix.eureka.server.EurekaServerBootstrap","thread_name":"Thread-9","level":"INFO","level_value":20000}
{"@timestamp":"2025-05-14T14:41:59.39894+09:00","@version":"1","message":"Got 1 instances from neighboring DS node","logger_name":"com.netflix.eureka.registry.PeerAwareInstanceRegistryImpl","thread_name":"Thread-9","level":"INFO","level_value":20000}
{"@timestamp":"2025-05-14T14:41:59.398978+09:00","@version":"1","message":"Renew threshold is: 1","logger_name":"com.netflix.eureka.registry.PeerAwareInstanceRegistryImpl","thread_name":"Thread-9","level":"INFO","level_value":20000}
{"@timestamp":"2025-05-14T14:41:59.399019+09:00","@version":"1","message":"Changing status to UP","logger_name":"com.netflix.eureka.registry.PeerAwareInstanceRegistryImpl","thread_name":"Thread-9","level":"INFO","level_value":20000}
{"@timestamp":"2025-05-14T14:41:59.39977+09:00","@version":"1","message":"Started Eureka Server","logger_name":"org.springframework.cloud.netflix.eureka.server.EurekaServerInitializerConfiguration","thread_name":"Thread-9","level":"INFO","level_value":20000}
{"@timestamp":"2025-05-14T14:41:59.402986+09:00","@version":"1","message":"Tomcat started on port 10252 (http) with context path '/'","logger_name":"org.springframework.boot.web.embedded.tomcat.TomcatWebServer","thread_name":"main","level":"INFO","level_value":20000}
{"@timestamp":"2025-05-14T14:41:59.403307+09:00","@version":"1","message":"Updating port to 10252","logger_name":"org.springframework.cloud.netflix.eureka.serviceregistry.EurekaAutoServiceRegistration","thread_name":"main","level":"INFO","level_value":20000}
{"@timestamp":"2025-05-14T14:41:59.413398+09:00","@version":"1","message":"Started EurekaServiceApplication in 1.656 seconds (process running for 2.321)","logger_name":"com.nhnacademy.eurekaservice.EurekaServiceApplication","thread_name":"main","level":"INFO","level_value":20000}
{"@timestamp":"2025-05-14T14:41:59.499185+09:00","@version":"1","message":"Initializing Spring DispatcherServlet 'dispatcherServlet'","logger_name":"org.apache.catalina.core.ContainerBase.[Tomcat].[localhost].[/]","thread_name":"RMI TCP Connection(1)-127.0.0.1","level":"INFO","level_value":20000}
{"@timestamp":"2025-05-14T14:41:59.499328+09:00","@version":"1","message":"Initializing Servlet 'dispatcherServlet'","logger_name":"org.springframework.web.servlet.DispatcherServlet","thread_name":"RMI TCP Connection(1)-127.0.0.1","level":"INFO","level_value":20000}
{"@timestamp":"2025-05-14T14:41:59.500062+09:00","@version":"1","message":"Completed initialization in 1 ms","logger_name":"org.springframework.web.servlet.DispatcherServlet","thread_name":"RMI TCP Connection(1)-127.0.0.1","level":"INFO","level_value":20000}
{"@timestamp":"2025-05-14T14:42:00.835821+09:00","@version":"1","message":"DS: Registry: lease doesn't exist, registering resource: GATEWAY-SERVICE - gateway-service:${spring.application.instance_id}:e60de421e3a09c6d52d48ef1f4faaa9a","logger_name":"com.netflix.eureka.registry.AbstractInstanceRegistry","thread_name":"http-nio-10252-exec-1","level":"WARN","level_value":30000}
{"@timestamp":"2025-05-14T14:42:00.835978+09:00","@version":"1","message":"Not Found (Renew): GATEWAY-SERVICE - gateway-service:${spring.application.instance_id}:e60de421e3a09c6d52d48ef1f4faaa9a","logger_name":"com.netflix.eureka.resources.InstanceResource","thread_name":"http-nio-10252-exec-1","level":"WARN","level_value":30000}
{"@timestamp":"2025-05-14T14:42:00.902082+09:00","@version":"1","message":"Registered instance GATEWAY-SERVICE/gateway-service:${spring.application.instance_id}:e60de421e3a09c6d52d48ef1f4faaa9a with status UP (replication=false)","logger_name":"com.netflix.eureka.registry.AbstractInstanceRegistry","thread_name":"http-nio-10252-exec-2","level":"INFO","level_value":20000}
{"@timestamp":"2025-05-14T14:42:24.159775+09:00","@version":"1","message":"Unregistering application EUREKA-SERVICE with eureka with status DOWN","logger_name":"org.springframework.cloud.netflix.eureka.serviceregistry.EurekaServiceRegistry","thread_name":"SpringApplicationShutdownHook","level":"INFO","level_value":20000}
{"@timestamp":"2025-05-14T14:42:24.162888+09:00","@version":"1","message":"Commencing graceful shutdown. Waiting for active requests to complete","logger_name":"org.springframework.boot.web.embedded.tomcat.GracefulShutdown","thread_name":"SpringApplicationShutdownHook","level":"INFO","level_value":20000}
{"@timestamp":"2025-05-14T14:42:24.165707+09:00","@version":"1","message":"Graceful shutdown complete","logger_name":"org.springframework.boot.web.embedded.tomcat.GracefulShutdown","thread_name":"tomcat-shutdown","level":"INFO","level_value":20000}
{"@timestamp":"2025-05-14T14:42:24.167987+09:00","@version":"1","message":"Shutting down Eureka Server..","logger_name":"org.springframework.cloud.netflix.eureka.server.EurekaServerBootstrap","thread_name":"SpringApplicationShutdownHook","level":"INFO","level_value":20000}
{"@timestamp":"2025-05-14T14:42:24.168073+09:00","@version":"1","message":"Shutting down ...","logger_name":"com.netflix.eureka.DefaultEurekaServerContext","thread_name":"SpringApplicationShutdownHook","level":"INFO","level_value":20000}
{"@timestamp":"2025-05-14T14:42:24.168287+09:00","@version":"1","message":"Shut down","logger_name":"com.netflix.eureka.DefaultEurekaServerContext","thread_name":"SpringApplicationShutdownHook","level":"INFO","level_value":20000}
{"@timestamp":"2025-05-14T14:42:24.168341+09:00","@version":"1","message":"Eureka Service is now shutdown...","logger_name":"org.springframework.cloud.netflix.eureka.server.EurekaServerBootstrap","thread_name":"SpringApplicationShutdownHook","level":"INFO","level_value":20000}
{"@timestamp":"2025-05-14T14:42:24.168678+09:00","@version":"1","message":"Shutting down ...","logger_name":"com.netflix.eureka.DefaultEurekaServerContext","thread_name":"SpringApplicationShutdownHook","level":"INFO","level_value":20000}
{"@timestamp":"2025-05-14T14:42:24.168737+09:00","@version":"1","message":"Shut down","logger_name":"com.netflix.eureka.DefaultEurekaServerContext","thread_name":"SpringApplicationShutdownHook","level":"INFO","level_value":20000}
{"@timestamp":"2025-05-14T14:42:24.172027+09:00","@version":"1","message":"Shutting down DiscoveryClient ...","logger_name":"com.netflix.discovery.DiscoveryClient","thread_name":"SpringApplicationShutdownHook","level":"INFO","level_value":20000}
{"@timestamp":"2025-05-14T14:42:24.172079+09:00","@version":"1","message":"Completed shut down of DiscoveryClient","logger_name":"com.netflix.discovery.DiscoveryClient","thread_name":"SpringApplicationShutdownHook","level":"INFO","level_value":20000}
{"@timestamp":"2025-05-14T14:42:25.476163+09:00","@version":"1","message":"Starting EurekaServiceApplication using Java 21.0.6 with PID 15227 (/Users/noah/Documents/dev/NHN/final-project/eureka-service/target/classes started by noah in /Users/noah/Documents/dev/NHN/final-project/eureka-service)","logger_name":"com.nhnacademy.eurekaservice.EurekaServiceApplication","thread_name":"main","level":"INFO","level_value":20000}
{"@timestamp":"2025-05-14T14:42:25.480369+09:00","@version":"1","message":"No active profile set, falling back to 1 default profile: \"default\"","logger_name":"com.nhnacademy.eurekaservice.EurekaServiceApplication","thread_name":"main","level":"INFO","level_value":20000}
{"@timestamp":"2025-05-14T14:42:25.825253+09:00","@version":"1","message":"BeanFactory id=f8babebd-ce3b-3a19-b7f3-83aebb8cc752","logger_name":"org.springframework.cloud.context.scope.GenericScope","thread_name":"main","level":"INFO","level_value":20000}
{"@timestamp":"2025-05-14T14:42:25.934653+09:00","@version":"1","message":"Tomcat initialized with port 10252 (http)","logger_name":"org.springframework.boot.web.embedded.tomcat.TomcatWebServer","thread_name":"main","level":"INFO","level_value":20000}
{"@timestamp":"2025-05-14T14:42:25.93957+09:00","@version":"1","message":"Initializing ProtocolHandler [\"http-nio-10252\"]","logger_name":"org.apache.coyote.http11.Http11NioProtocol","thread_name":"main","level":"INFO","level_value":20000}
{"@timestamp":"2025-05-14T14:42:25.940199+09:00","@version":"1","message":"Starting service [Tomcat]","logger_name":"org.apache.catalina.core.StandardService","thread_name":"main","level":"INFO","level_value":20000}
{"@timestamp":"2025-05-14T14:42:25.9403+09:00","@version":"1","message":"Starting Servlet engine: [Apache Tomcat/10.1.39]","logger_name":"org.apache.catalina.core.StandardEngine","thread_name":"main","level":"INFO","level_value":20000}
{"@timestamp":"2025-05-14T14:42:25.959154+09:00","@version":"1","message":"Initializing Spring embedded WebApplicationContext","logger_name":"org.apache.catalina.core.ContainerBase.[Tomcat].[localhost].[/]","thread_name":"main","level":"INFO","level_value":20000}
{"@timestamp":"2025-05-14T14:42:25.959294+09:00","@version":"1","message":"Root WebApplicationContext: initialization completed in 466 ms","logger_name":"org.springframework.boot.web.servlet.context.ServletWebServerApplicationContext","thread_name":"main","level":"INFO","level_value":20000}
{"@timestamp":"2025-05-14T14:42:26.290388+09:00","@version":"1","message":"Using JSON encoding codec LegacyJacksonJson","logger_name":"com.netflix.discovery.provider.DiscoveryJerseyProvider","thread_name":"main","level":"INFO","level_value":20000}
{"@timestamp":"2025-05-14T14:42:26.290947+09:00","@version":"1","message":"Using JSON decoding codec LegacyJacksonJson","logger_name":"com.netflix.discovery.provider.DiscoveryJerseyProvider","thread_name":"main","level":"INFO","level_value":20000}
{"@timestamp":"2025-05-14T14:42:26.349372+09:00","@version":"1","message":"Using XML encoding codec XStreamXml","logger_name":"com.netflix.discovery.provider.DiscoveryJerseyProvider","thread_name":"main","level":"INFO","level_value":20000}
{"@timestamp":"2025-05-14T14:42:26.349499+09:00","@version":"1","message":"Using XML decoding codec XStreamXml","logger_name":"com.netflix.discovery.provider.DiscoveryJerseyProvider","thread_name":"main","level":"INFO","level_value":20000}
{"@timestamp":"2025-05-14T14:42:26.405444+09:00","@version":"1","message":"Failed to set up a Bean Validation provider: jakarta.validation.NoProviderFoundException: Unable to create a Configuration, because no Jakarta Bean Validation provider could be found. Add a provider like Hibernate Validator (RI) to your classpath.","logger_name":"org.springframework.validation.beanvalidation.OptionalValidatorFactoryBean","thread_name":"main","level":"INFO","level_value":20000}
{"@timestamp":"2025-05-14T14:42:26.678539+09:00","@version":"1","message":"Spring Cloud LoadBalancer is currently working with the default cache. While this cache implementation is useful for development and tests, it's recommended to use Caffeine cache in production.You can switch to using Caffeine cache, by adding it and org.springframework.cache.caffeine.CaffeineCacheManager to the classpath.","logger_name":"org.springframework.cloud.loadbalancer.config.LoadBalancerCacheAutoConfiguration$LoadBalancerCaffeineWarnLogger","thread_name":"main","level":"WARN","level_value":30000}
{"@timestamp":"2025-05-14T14:42:26.684639+09:00","@version":"1","message":"Setting initial instance status as: STARTING","logger_name":"org.springframework.cloud.netflix.eureka.InstanceInfoFactory","thread_name":"main","level":"INFO","level_value":20000}
{"@timestamp":"2025-05-14T14:42:26.691359+09:00","@version":"1","message":"Initializing Eureka in region us-east-1","logger_name":"com.netflix.discovery.DiscoveryClient","thread_name":"main","level":"INFO","level_value":20000}
{"@timestamp":"2025-05-14T14:42:26.691441+09:00","@version":"1","message":"Client configured to neither register nor query for data.","logger_name":"com.netflix.discovery.DiscoveryClient","thread_name":"main","level":"INFO","level_value":20000}
{"@timestamp":"2025-05-14T14:42:26.692011+09:00","@version":"1","message":"Discovery Client initialized at timestamp 1747201346691 with initial instances count: 0","logger_name":"com.netflix.discovery.DiscoveryClient","thread_name":"main","level":"INFO","level_value":20000}
{"@timestamp":"2025-05-14T14:42:26.711462+09:00","@version":"1","message":"Initializing ...","logger_name":"com.netflix.eureka.DefaultEurekaServerContext","thread_name":"main","level":"INFO","level_value":20000}
{"@timestamp":"2025-05-14T14:42:26.712028+09:00","@version":"1","message":"The replica size seems to be empty. Check the route 53 DNS Registry","logger_name":"com.netflix.eureka.cluster.PeerEurekaNodes","thread_name":"main","level":"WARN","level_value":30000}
{"@timestamp":"2025-05-14T14:42:26.715515+09:00","@version":"1","message":"Finished initializing remote region registries. All known remote regions: []","logger_name":"com.netflix.eureka.registry.AbstractInstanceRegistry","thread_name":"main","level":"INFO","level_value":20000}
{"@timestamp":"2025-05-14T14:42:26.715597+09:00","@version":"1","message":"Initialized","logger_name":"com.netflix.eureka.DefaultEurekaServerContext","thread_name":"main","level":"INFO","level_value":20000}
{"@timestamp":"2025-05-14T14:42:26.719336+09:00","@version":"1","message":"Exposing 17 endpoints beneath base path '/actuator'","logger_name":"org.springframework.boot.actuate.endpoint.web.EndpointLinksResolver","thread_name":"main","level":"INFO","level_value":20000}
{"@timestamp":"2025-05-14T14:42:26.747388+09:00","@version":"1","message":"Registering application EUREKA-SERVICE with eureka with status UP","logger_name":"org.springframework.cloud.netflix.eureka.serviceregistry.EurekaServiceRegistry","thread_name":"main","level":"INFO","level_value":20000}
{"@timestamp":"2025-05-14T14:42:26.748064+09:00","@version":"1","message":"Starting ProtocolHandler [\"http-nio-10252\"]","logger_name":"org.apache.coyote.http11.Http11NioProtocol","thread_name":"main","level":"INFO","level_value":20000}
{"@timestamp":"2025-05-14T14:42:26.751613+09:00","@version":"1","message":"isAws returned false","logger_name":"org.springframework.cloud.netflix.eureka.server.EurekaServerBootstrap","thread_name":"Thread-9","level":"INFO","level_value":20000}
{"@timestamp":"2025-05-14T14:42:26.751818+09:00","@version":"1","message":"Initialized server context","logger_name":"org.springframework.cloud.netflix.eureka.server.EurekaServerBootstrap","thread_name":"Thread-9","level":"INFO","level_value":20000}
{"@timestamp":"2025-05-14T14:42:26.751905+09:00","@version":"1","message":"Got 1 instances from neighboring DS node","logger_name":"com.netflix.eureka.registry.PeerAwareInstanceRegistryImpl","thread_name":"Thread-9","level":"INFO","level_value":20000}
{"@timestamp":"2025-05-14T14:42:26.751951+09:00","@version":"1","message":"Renew threshold is: 1","logger_name":"com.netflix.eureka.registry.PeerAwareInstanceRegistryImpl","thread_name":"Thread-9","level":"INFO","level_value":20000}
{"@timestamp":"2025-05-14T14:42:26.752007+09:00","@version":"1","message":"Changing status to UP","logger_name":"com.netflix.eureka.registry.PeerAwareInstanceRegistryImpl","thread_name":"Thread-9","level":"INFO","level_value":20000}
{"@timestamp":"2025-05-14T14:42:26.752809+09:00","@version":"1","message":"Started Eureka Server","logger_name":"org.springframework.cloud.netflix.eureka.server.EurekaServerInitializerConfiguration","thread_name":"Thread-9","level":"INFO","level_value":20000}
{"@timestamp":"2025-05-14T14:42:26.756117+09:00","@version":"1","message":"Tomcat started on port 10252 (http) with context path '/'","logger_name":"org.springframework.boot.web.embedded.tomcat.TomcatWebServer","thread_name":"main","level":"INFO","level_value":20000}
{"@timestamp":"2025-05-14T14:42:26.756473+09:00","@version":"1","message":"Updating port to 10252","logger_name":"org.springframework.cloud.netflix.eureka.serviceregistry.EurekaAutoServiceRegistration","thread_name":"main","level":"INFO","level_value":20000}
{"@timestamp":"2025-05-14T14:42:26.766927+09:00","@version":"1","message":"Started EurekaServiceApplication in 1.549 seconds (process running for 1.923)","logger_name":"com.nhnacademy.eurekaservice.EurekaServiceApplication","thread_name":"main","level":"INFO","level_value":20000}
{"@timestamp":"2025-05-14T14:42:26.953095+09:00","@version":"1","message":"Initializing Spring DispatcherServlet 'dispatcherServlet'","logger_name":"org.apache.catalina.core.ContainerBase.[Tomcat].[localhost].[/]","thread_name":"RMI TCP Connection(4)-127.0.0.1","level":"INFO","level_value":20000}
{"@timestamp":"2025-05-14T14:42:26.953605+09:00","@version":"1","message":"Initializing Servlet 'dispatcherServlet'","logger_name":"org.springframework.web.servlet.DispatcherServlet","thread_name":"RMI TCP Connection(4)-127.0.0.1","level":"INFO","level_value":20000}
{"@timestamp":"2025-05-14T14:42:26.95542+09:00","@version":"1","message":"Completed initialization in 2 ms","logger_name":"org.springframework.web.servlet.DispatcherServlet","thread_name":"RMI TCP Connection(4)-127.0.0.1","level":"INFO","level_value":20000}
{"@timestamp":"2025-05-14T14:42:31.130154+09:00","@version":"1","message":"DS: Registry: lease doesn't exist, registering resource: GATEWAY-SERVICE - gateway-service:${spring.application.instance_id}:e60de421e3a09c6d52d48ef1f4faaa9a","logger_name":"com.netflix.eureka.registry.AbstractInstanceRegistry","thread_name":"http-nio-10252-exec-1","level":"WARN","level_value":30000}
{"@timestamp":"2025-05-14T14:42:31.130321+09:00","@version":"1","message":"Not Found (Renew): GATEWAY-SERVICE - gateway-service:${spring.application.instance_id}:e60de421e3a09c6d52d48ef1f4faaa9a","logger_name":"com.netflix.eureka.resources.InstanceResource","thread_name":"http-nio-10252-exec-1","level":"WARN","level_value":30000}
{"@timestamp":"2025-05-14T14:42:31.178419+09:00","@version":"1","message":"Registered instance GATEWAY-SERVICE/gateway-service:${spring.application.instance_id}:e60de421e3a09c6d52d48ef1f4faaa9a with status UP (replication=false)","logger_name":"com.netflix.eureka.registry.AbstractInstanceRegistry","thread_name":"http-nio-10252-exec-2","level":"INFO","level_value":20000}
{"@timestamp":"2025-05-14T14:43:26.763143+09:00","@version":"1","message":"Running the evict task with compensationTime 0ms","logger_name":"com.netflix.eureka.registry.AbstractInstanceRegistry","thread_name":"Eureka-EvictionTimer","level":"INFO","level_value":20000}
{"@timestamp":"2025-05-14T14:43:27.929764+09:00","@version":"1","message":"Registered instance GATEWAY-SERVICE/gateway-service:${spring.application.instance_id}:e60de421e3a09c6d52d48ef1f4faaa9a with status UP (replication=false)","logger_name":"com.netflix.eureka.registry.AbstractInstanceRegistry","thread_name":"http-nio-10252-exec-6","level":"INFO","level_value":20000}
{"@timestamp":"2025-05-14T14:43:33.448069+09:00","@version":"1","message":"Registered instance GATEWAY-SERVICE/gateway-service:${spring.application.instance_id}:34bf6ef6266be0aa7e75d7f0bb3eadd1 with status UP (replication=false)","logger_name":"com.netflix.eureka.registry.AbstractInstanceRegistry","thread_name":"http-nio-10252-exec-9","level":"INFO","level_value":20000}
{"@timestamp":"2025-05-14T14:44:26.762681+09:00","@version":"1","message":"Running the evict task with compensationTime 3ms","logger_name":"com.netflix.eureka.registry.AbstractInstanceRegistry","thread_name":"Eureka-EvictionTimer","level":"INFO","level_value":20000}
{"@timestamp":"2025-05-14T14:45:26.764109+09:00","@version":"1","message":"Running the evict task with compensationTime 2ms","logger_name":"com.netflix.eureka.registry.AbstractInstanceRegistry","thread_name":"Eureka-EvictionTimer","level":"INFO","level_value":20000}
{"@timestamp":"2025-05-14T14:45:26.765803+09:00","@version":"1","message":"Evicting 1 items (expired=1, evictionLimit=1)","logger_name":"com.netflix.eureka.registry.AbstractInstanceRegistry","thread_name":"Eureka-EvictionTimer","level":"INFO","level_value":20000}
{"@timestamp":"2025-05-14T14:45:26.76619+09:00","@version":"1","message":"DS: Registry: expired lease for GATEWAY-SERVICE/gateway-service:${spring.application.instance_id}:e60de421e3a09c6d52d48ef1f4faaa9a","logger_name":"com.netflix.eureka.registry.AbstractInstanceRegistry","thread_name":"Eureka-EvictionTimer","level":"WARN","level_value":30000}
{"@timestamp":"2025-05-14T14:45:26.767192+09:00","@version":"1","message":"Cancelled instance GATEWAY-SERVICE/gateway-service:${spring.application.instance_id}:e60de421e3a09c6d52d48ef1f4faaa9a (replication=false)","logger_name":"com.netflix.eureka.registry.AbstractInstanceRegistry","thread_name":"Eureka-EvictionTimer","level":"INFO","level_value":20000}
{"@timestamp":"2025-05-14T14:46:26.768529+09:00","@version":"1","message":"Running the evict task with compensationTime 4ms","logger_name":"com.netflix.eureka.registry.AbstractInstanceRegistry","thread_name":"Eureka-EvictionTimer","level":"INFO","level_value":20000}
{"@timestamp":"2025-05-14T14:47:26.773402+09:00","@version":"1","message":"Running the evict task with compensationTime 5ms","logger_name":"com.netflix.eureka.registry.AbstractInstanceRegistry","thread_name":"Eureka-EvictionTimer","level":"INFO","level_value":20000}
{"@timestamp":"2025-05-14T14:48:26.778307+09:00","@version":"1","message":"Running the evict task with compensationTime 4ms","logger_name":"com.netflix.eureka.registry.AbstractInstanceRegistry","thread_name":"Eureka-EvictionTimer","level":"INFO","level_value":20000}
{"@timestamp":"2025-05-14T14:49:26.783742+09:00","@version":"1","message":"Running the evict task with compensationTime 5ms","logger_name":"com.netflix.eureka.registry.AbstractInstanceRegistry","thread_name":"Eureka-EvictionTimer","level":"INFO","level_value":20000}
{"@timestamp":"2025-05-14T14:50:26.788586+09:00","@version":"1","message":"Running the evict task with compensationTime 5ms","logger_name":"com.netflix.eureka.registry.AbstractInstanceRegistry","thread_name":"Eureka-EvictionTimer","level":"INFO","level_value":20000}
{"@timestamp":"2025-05-14T14:51:26.793153+09:00","@version":"1","message":"Running the evict task with compensationTime 4ms","logger_name":"com.netflix.eureka.registry.AbstractInstanceRegistry","thread_name":"Eureka-EvictionTimer","level":"INFO","level_value":20000}
{"@timestamp":"2025-05-14T14:52:26.717055+09:00","@version":"1","message":"The replica size seems to be empty. Check the route 53 DNS Registry","logger_name":"com.netflix.eureka.cluster.PeerEurekaNodes","thread_name":"Eureka-PeerNodesUpdater","level":"WARN","level_value":30000}
{"@timestamp":"2025-05-14T14:52:26.797618+09:00","@version":"1","message":"Running the evict task with compensationTime 4ms","logger_name":"com.netflix.eureka.registry.AbstractInstanceRegistry","thread_name":"Eureka-EvictionTimer","level":"INFO","level_value":20000}
{"@timestamp":"2025-05-14T14:53:26.802121+09:00","@version":"1","message":"Running the evict task with compensationTime 4ms","logger_name":"com.netflix.eureka.registry.AbstractInstanceRegistry","thread_name":"Eureka-EvictionTimer","level":"INFO","level_value":20000}
{"@timestamp":"2025-05-14T14:54:34.011736+09:00","@version":"1","message":"Running the evict task with compensationTime 4ms","logger_name":"com.netflix.eureka.registry.AbstractInstanceRegistry","thread_name":"Eureka-EvictionTimer","level":"INFO","level_value":20000}
{"@timestamp":"2025-05-14T14:55:34.0126+09:00","@version":"1","message":"Running the evict task with compensationTime 7ms","logger_name":"com.netflix.eureka.registry.AbstractInstanceRegistry","thread_name":"Eureka-EvictionTimer","level":"INFO","level_value":20000}
{"@timestamp":"2025-05-14T14:56:34.016302+09:00","@version":"1","message":"Running the evict task with compensationTime 4ms","logger_name":"com.netflix.eureka.registry.AbstractInstanceRegistry","thread_name":"Eureka-EvictionTimer","level":"INFO","level_value":20000}
{"@timestamp":"2025-05-14T14:57:33.916482+09:00","@version":"1","message":"Current renewal threshold is : 0","logger_name":"com.netflix.eureka.registry.PeerAwareInstanceRegistryImpl","thread_name":"ReplicaAwareInstanceRegistry - RenewalThresholdUpdater","level":"INFO","level_value":20000}
{"@timestamp":"2025-05-14T14:57:34.019749+09:00","@version":"1","message":"Running the evict task with compensationTime 4ms","logger_name":"com.netflix.eureka.registry.AbstractInstanceRegistry","thread_name":"Eureka-EvictionTimer","level":"INFO","level_value":20000}
{"@timestamp":"2025-05-14T14:58:34.023578+09:00","@version":"1","message":"Running the evict task with compensationTime 4ms","logger_name":"com.netflix.eureka.registry.AbstractInstanceRegistry","thread_name":"Eureka-EvictionTimer","level":"INFO","level_value":20000}
{"@timestamp":"2025-05-14T14:59:34.02799+09:00","@version":"1","message":"Running the evict task with compensationTime 5ms","logger_name":"com.netflix.eureka.registry.AbstractInstanceRegistry","thread_name":"Eureka-EvictionTimer","level":"INFO","level_value":20000}
{"@timestamp":"2025-05-14T15:00:41.502248+09:00","@version":"1","message":"Running the evict task with compensationTime 1ms","logger_name":"com.netflix.eureka.registry.AbstractInstanceRegistry","thread_name":"Eureka-EvictionTimer","level":"INFO","level_value":20000}
{"@timestamp":"2025-05-14T15:01:52.838986+09:00","@version":"1","message":"Running the evict task with compensationTime 0ms","logger_name":"com.netflix.eureka.registry.AbstractInstanceRegistry","thread_name":"Eureka-EvictionTimer","level":"INFO","level_value":20000}
{"@timestamp":"2025-05-14T15:03:50.063751+09:00","@version":"1","message":"The replica size seems to be empty. Check the route 53 DNS Registry","logger_name":"com.netflix.eureka.cluster.PeerEurekaNodes","thread_name":"Eureka-PeerNodesUpdater","level":"WARN","level_value":30000}
{"@timestamp":"2025-05-14T15:03:50.17135+09:00","@version":"1","message":"Running the evict task with compensationTime 1ms","logger_name":"com.netflix.eureka.registry.AbstractInstanceRegistry","thread_name":"Eureka-EvictionTimer","level":"INFO","level_value":20000}
{"@timestamp":"2025-05-14T15:06:02.604947+09:00","@version":"1","message":"Running the evict task with compensationTime 8ms","logger_name":"com.netflix.eureka.registry.AbstractInstanceRegistry","thread_name":"Eureka-EvictionTimer","level":"INFO","level_value":20000}
{"@timestamp":"2025-05-14T15:07:40.492977+09:00","@version":"1","message":"Running the evict task with compensationTime 8ms","logger_name":"com.netflix.eureka.registry.AbstractInstanceRegistry","thread_name":"Eureka-EvictionTimer","level":"INFO","level_value":20000}
{"@timestamp":"2025-05-14T15:08:51.978618+09:00","@version":"1","message":"Running the evict task with compensationTime 1ms","logger_name":"com.netflix.eureka.registry.AbstractInstanceRegistry","thread_name":"Eureka-EvictionTimer","level":"INFO","level_value":20000}
{"@timestamp":"2025-05-14T15:10:03.165721+09:00","@version":"1","message":"Running the evict task with compensationTime 1ms","logger_name":"com.netflix.eureka.registry.AbstractInstanceRegistry","thread_name":"Eureka-EvictionTimer","level":"INFO","level_value":20000}
{"@timestamp":"2025-05-14T15:11:14.727301+09:00","@version":"1","message":"Running the evict task with compensationTime 10ms","logger_name":"com.netflix.eureka.registry.AbstractInstanceRegistry","thread_name":"Eureka-EvictionTimer","level":"INFO","level_value":20000}
{"@timestamp":"2025-05-14T15:12:19.484356+09:00","@version":"1","message":"Running the evict task with compensationTime 5ms","logger_name":"com.netflix.eureka.registry.AbstractInstanceRegistry","thread_name":"Eureka-EvictionTimer","level":"INFO","level_value":20000}
{"@timestamp":"2025-05-14T15:13:19.488853+09:00","@version":"1","message":"Running the evict task with compensationTime 4ms","logger_name":"com.netflix.eureka.registry.AbstractInstanceRegistry","thread_name":"Eureka-EvictionTimer","level":"INFO","level_value":20000}
{"@timestamp":"2025-05-14T15:14:19.492651+09:00","@version":"1","message":"Running the evict task with compensationTime 4ms","logger_name":"com.netflix.eureka.registry.AbstractInstanceRegistry","thread_name":"Eureka-EvictionTimer","level":"INFO","level_value":20000}
{"@timestamp":"2025-05-14T15:15:19.498039+09:00","@version":"1","message":"Running the evict task with compensationTime 5ms","logger_name":"com.netflix.eureka.registry.AbstractInstanceRegistry","thread_name":"Eureka-EvictionTimer","level":"INFO","level_value":20000}
{"@timestamp":"2025-05-14T15:16:19.33435+09:00","@version":"1","message":"Current renewal threshold is : 0","logger_name":"com.netflix.eureka.registry.PeerAwareInstanceRegistryImpl","thread_name":"ReplicaAwareInstanceRegistry - RenewalThresholdUpdater","level":"INFO","level_value":20000}
{"@timestamp":"2025-05-14T15:16:19.351172+09:00","@version":"1","message":"The replica size seems to be empty. Check the route 53 DNS Registry","logger_name":"com.netflix.eureka.cluster.PeerEurekaNodes","thread_name":"Eureka-PeerNodesUpdater","level":"WARN","level_value":30000}
{"@timestamp":"2025-05-14T15:16:19.499439+09:00","@version":"1","message":"Running the evict task with compensationTime 2ms","logger_name":"com.netflix.eureka.registry.AbstractInstanceRegistry","thread_name":"Eureka-EvictionTimer","level":"INFO","level_value":20000}
{"@timestamp":"2025-05-14T15:17:19.504259+09:00","@version":"1","message":"Running the evict task with compensationTime 4ms","logger_name":"com.netflix.eureka.registry.AbstractInstanceRegistry","thread_name":"Eureka-EvictionTimer","level":"INFO","level_value":20000}
{"@timestamp":"2025-05-14T15:18:19.507674+09:00","@version":"1","message":"Running the evict task with compensationTime 1ms","logger_name":"com.netflix.eureka.registry.AbstractInstanceRegistry","thread_name":"Eureka-EvictionTimer","level":"INFO","level_value":20000}
{"@timestamp":"2025-05-14T15:19:19.511+09:00","@version":"1","message":"Running the evict task with compensationTime 5ms","logger_name":"com.netflix.eureka.registry.AbstractInstanceRegistry","thread_name":"Eureka-EvictionTimer","level":"INFO","level_value":20000}
{"@timestamp":"2025-05-14T15:20:19.514531+09:00","@version":"1","message":"Running the evict task with compensationTime 3ms","logger_name":"com.netflix.eureka.registry.AbstractInstanceRegistry","thread_name":"Eureka-EvictionTimer","level":"INFO","level_value":20000}
{"@timestamp":"2025-05-14T15:21:19.520158+09:00","@version":"1","message":"Running the evict task with compensationTime 5ms","logger_name":"com.netflix.eureka.registry.AbstractInstanceRegistry","thread_name":"Eureka-EvictionTimer","level":"INFO","level_value":20000}
{"@timestamp":"2025-05-14T15:22:19.52084+09:00","@version":"1","message":"Running the evict task with compensationTime 0ms","logger_name":"com.netflix.eureka.registry.AbstractInstanceRegistry","thread_name":"Eureka-EvictionTimer","level":"INFO","level_value":20000}
{"@timestamp":"2025-05-14T15:23:19.526462+09:00","@version":"1","message":"Running the evict task with compensationTime 5ms","logger_name":"com.netflix.eureka.registry.AbstractInstanceRegistry","thread_name":"Eureka-EvictionTimer","level":"INFO","level_value":20000}
{"@timestamp":"2025-05-14T15:24:19.52608+09:00","@version":"1","message":"Running the evict task with compensationTime 0ms","logger_name":"com.netflix.eureka.registry.AbstractInstanceRegistry","thread_name":"Eureka-EvictionTimer","level":"INFO","level_value":20000}
{"@timestamp":"2025-05-14T15:25:19.530834+09:00","@version":"1","message":"Running the evict task with compensationTime 4ms","logger_name":"com.netflix.eureka.registry.AbstractInstanceRegistry","thread_name":"Eureka-EvictionTimer","level":"INFO","level_value":20000}
{"@timestamp":"2025-05-14T15:26:19.353682+09:00","@version":"1","message":"The replica size seems to be empty. Check the route 53 DNS Registry","logger_name":"com.netflix.eureka.cluster.PeerEurekaNodes","thread_name":"Eureka-PeerNodesUpdater","level":"WARN","level_value":30000}
{"@timestamp":"2025-05-14T15:26:19.535942+09:00","@version":"1","message":"Running the evict task with compensationTime 5ms","logger_name":"com.netflix.eureka.registry.AbstractInstanceRegistry","thread_name":"Eureka-EvictionTimer","level":"INFO","level_value":20000}
{"@timestamp":"2025-05-14T15:27:19.538318+09:00","@version":"1","message":"Running the evict task with compensationTime 2ms","logger_name":"com.netflix.eureka.registry.AbstractInstanceRegistry","thread_name":"Eureka-EvictionTimer","level":"INFO","level_value":20000}
{"@timestamp":"2025-05-14T15:28:19.54382+09:00","@version":"1","message":"Running the evict task with compensationTime 5ms","logger_name":"com.netflix.eureka.registry.AbstractInstanceRegistry","thread_name":"Eureka-EvictionTimer","level":"INFO","level_value":20000}
{"@timestamp":"2025-05-14T15:29:19.548279+09:00","@version":"1","message":"Running the evict task with compensationTime 5ms","logger_name":"com.netflix.eureka.registry.AbstractInstanceRegistry","thread_name":"Eureka-EvictionTimer","level":"INFO","level_value":20000}
{"@timestamp":"2025-05-14T15:30:19.551175+09:00","@version":"1","message":"Running the evict task with compensationTime 2ms","logger_name":"com.netflix.eureka.registry.AbstractInstanceRegistry","thread_name":"Eureka-EvictionTimer","level":"INFO","level_value":20000}
{"@timestamp":"2025-05-14T15:31:19.335157+09:00","@version":"1","message":"Current renewal threshold is : 0","logger_name":"com.netflix.eureka.registry.PeerAwareInstanceRegistryImpl","thread_name":"ReplicaAwareInstanceRegistry - RenewalThresholdUpdater","level":"INFO","level_value":20000}
{"@timestamp":"2025-05-14T15:31:19.555235+09:00","@version":"1","message":"Running the evict task with compensationTime 4ms","logger_name":"com.netflix.eureka.registry.AbstractInstanceRegistry","thread_name":"Eureka-EvictionTimer","level":"INFO","level_value":20000}
{"@timestamp":"2025-05-14T15:32:19.555984+09:00","@version":"1","message":"Running the evict task with compensationTime 1ms","logger_name":"com.netflix.eureka.registry.AbstractInstanceRegistry","thread_name":"Eureka-EvictionTimer","level":"INFO","level_value":20000}
{"@timestamp":"2025-05-14T15:33:19.561415+09:00","@version":"1","message":"Running the evict task with compensationTime 5ms","logger_name":"com.netflix.eureka.registry.AbstractInstanceRegistry","thread_name":"Eureka-EvictionTimer","level":"INFO","level_value":20000}
{"@timestamp":"2025-05-14T15:34:19.566617+09:00","@version":"1","message":"Running the evict task with compensationTime 4ms","logger_name":"com.netflix.eureka.registry.AbstractInstanceRegistry","thread_name":"Eureka-EvictionTimer","level":"INFO","level_value":20000}
{"@timestamp":"2025-05-14T15:35:19.569487+09:00","@version":"1","message":"Running the evict task with compensationTime 4ms","logger_name":"com.netflix.eureka.registry.AbstractInstanceRegistry","thread_name":"Eureka-EvictionTimer","level":"INFO","level_value":20000}
{"@timestamp":"2025-05-14T15:36:19.361258+09:00","@version":"1","message":"The replica size seems to be empty. Check the route 53 DNS Registry","logger_name":"com.netflix.eureka.cluster.PeerEurekaNodes","thread_name":"Eureka-PeerNodesUpdater","level":"WARN","level_value":30000}
{"@timestamp":"2025-05-14T15:36:19.573513+09:00","@version":"1","message":"Running the evict task with compensationTime 4ms","logger_name":"com.netflix.eureka.registry.AbstractInstanceRegistry","thread_name":"Eureka-EvictionTimer","level":"INFO","level_value":20000}
{"@timestamp":"2025-05-14T15:37:19.574666+09:00","@version":"1","message":"Running the evict task with compensationTime 1ms","logger_name":"com.netflix.eureka.registry.AbstractInstanceRegistry","thread_name":"Eureka-EvictionTimer","level":"INFO","level_value":20000}
{"@timestamp":"2025-05-14T15:38:19.580359+09:00","@version":"1","message":"Running the evict task with compensationTime 5ms","logger_name":"com.netflix.eureka.registry.AbstractInstanceRegistry","thread_name":"Eureka-EvictionTimer","level":"INFO","level_value":20000}
{"@timestamp":"2025-05-14T15:39:19.584103+09:00","@version":"1","message":"Running the evict task with compensationTime 4ms","logger_name":"com.netflix.eureka.registry.AbstractInstanceRegistry","thread_name":"Eureka-EvictionTimer","level":"INFO","level_value":20000}
{"@timestamp":"2025-05-14T15:40:19.589689+09:00","@version":"1","message":"Running the evict task with compensationTime 5ms","logger_name":"com.netflix.eureka.registry.AbstractInstanceRegistry","thread_name":"Eureka-EvictionTimer","level":"INFO","level_value":20000}
{"@timestamp":"2025-05-14T15:41:19.595201+09:00","@version":"1","message":"Running the evict task with compensationTime 5ms","logger_name":"com.netflix.eureka.registry.AbstractInstanceRegistry","thread_name":"Eureka-EvictionTimer","level":"INFO","level_value":20000}
{"@timestamp":"2025-05-14T15:42:19.597795+09:00","@version":"1","message":"Running the evict task with compensationTime 2ms","logger_name":"com.netflix.eureka.registry.AbstractInstanceRegistry","thread_name":"Eureka-EvictionTimer","level":"INFO","level_value":20000}
{"@timestamp":"2025-05-14T15:43:19.621106+09:00","@version":"1","message":"Running the evict task with compensationTime 5ms","logger_name":"com.netflix.eureka.registry.AbstractInstanceRegistry","thread_name":"Eureka-EvictionTimer","level":"INFO","level_value":20000}
{"@timestamp":"2025-05-14T15:44:19.62639+09:00","@version":"1","message":"Running the evict task with compensationTime 4ms","logger_name":"com.netflix.eureka.registry.AbstractInstanceRegistry","thread_name":"Eureka-EvictionTimer","level":"INFO","level_value":20000}
{"@timestamp":"2025-05-14T15:45:19.631328+09:00","@version":"1","message":"Running the evict task with compensationTime 4ms","logger_name":"com.netflix.eureka.registry.AbstractInstanceRegistry","thread_name":"Eureka-EvictionTimer","level":"INFO","level_value":20000}
{"@timestamp":"2025-05-14T15:46:19.358332+09:00","@version":"1","message":"Current renewal threshold is : 0","logger_name":"com.netflix.eureka.registry.PeerAwareInstanceRegistryImpl","thread_name":"ReplicaAwareInstanceRegistry - RenewalThresholdUpdater","level":"INFO","level_value":20000}
{"@timestamp":"2025-05-14T15:46:19.384775+09:00","@version":"1","message":"The replica size seems to be empty. Check the route 53 DNS Registry","logger_name":"com.netflix.eureka.cluster.PeerEurekaNodes","thread_name":"Eureka-PeerNodesUpdater","level":"WARN","level_value":30000}
{"@timestamp":"2025-05-14T15:46:19.634501+09:00","@version":"1","message":"Running the evict task with compensationTime 3ms","logger_name":"com.netflix.eureka.registry.AbstractInstanceRegistry","thread_name":"Eureka-EvictionTimer","level":"INFO","level_value":20000}
{"@timestamp":"2025-05-14T15:47:19.639838+09:00","@version":"1","message":"Running the evict task with compensationTime 5ms","logger_name":"com.netflix.eureka.registry.AbstractInstanceRegistry","thread_name":"Eureka-EvictionTimer","level":"INFO","level_value":20000}
{"@timestamp":"2025-05-14T15:48:19.645178+09:00","@version":"1","message":"Running the evict task with compensationTime 4ms","logger_name":"com.netflix.eureka.registry.AbstractInstanceRegistry","thread_name":"Eureka-EvictionTimer","level":"INFO","level_value":20000}
{"@timestamp":"2025-05-14T15:49:19.646847+09:00","@version":"1","message":"Running the evict task with compensationTime 1ms","logger_name":"com.netflix.eureka.registry.AbstractInstanceRegistry","thread_name":"Eureka-EvictionTimer","level":"INFO","level_value":20000}
{"@timestamp":"2025-05-14T15:50:19.651902+09:00","@version":"1","message":"Running the evict task with compensationTime 5ms","logger_name":"com.netflix.eureka.registry.AbstractInstanceRegistry","thread_name":"Eureka-EvictionTimer","level":"INFO","level_value":20000}
{"@timestamp":"2025-05-14T15:51:19.656315+09:00","@version":"1","message":"Running the evict task with compensationTime 4ms","logger_name":"com.netflix.eureka.registry.AbstractInstanceRegistry","thread_name":"Eureka-EvictionTimer","level":"INFO","level_value":20000}
{"@timestamp":"2025-05-14T15:52:19.661449+09:00","@version":"1","message":"Running the evict task with compensationTime 5ms","logger_name":"com.netflix.eureka.registry.AbstractInstanceRegistry","thread_name":"Eureka-EvictionTimer","level":"INFO","level_value":20000}
{"@timestamp":"2025-05-14T15:53:19.66738+09:00","@version":"1","message":"Running the evict task with compensationTime 5ms","logger_name":"com.netflix.eureka.registry.AbstractInstanceRegistry","thread_name":"Eureka-EvictionTimer","level":"INFO","level_value":20000}
{"@timestamp":"2025-05-14T15:54:19.669545+09:00","@version":"1","message":"Running the evict task with compensationTime 2ms","logger_name":"com.netflix.eureka.registry.AbstractInstanceRegistry","thread_name":"Eureka-EvictionTimer","level":"INFO","level_value":20000}
{"@timestamp":"2025-05-14T15:55:19.675155+09:00","@version":"1","message":"Running the evict task with compensationTime 4ms","logger_name":"com.netflix.eureka.registry.AbstractInstanceRegistry","thread_name":"Eureka-EvictionTimer","level":"INFO","level_value":20000}
{"@timestamp":"2025-05-14T15:56:19.394553+09:00","@version":"1","message":"The replica size seems to be empty. Check the route 53 DNS Registry","logger_name":"com.netflix.eureka.cluster.PeerEurekaNodes","thread_name":"Eureka-PeerNodesUpdater","level":"WARN","level_value":30000}
{"@timestamp":"2025-05-14T15:56:19.677489+09:00","@version":"1","message":"Running the evict task with compensationTime 2ms","logger_name":"com.netflix.eureka.registry.AbstractInstanceRegistry","thread_name":"Eureka-EvictionTimer","level":"INFO","level_value":20000}
{"@timestamp":"2025-05-14T15:57:19.67874+09:00","@version":"1","message":"Running the evict task with compensationTime 0ms","logger_name":"com.netflix.eureka.registry.AbstractInstanceRegistry","thread_name":"Eureka-EvictionTimer","level":"INFO","level_value":20000}
{"@timestamp":"2025-05-14T15:58:19.683459+09:00","@version":"1","message":"Running the evict task with compensationTime 4ms","logger_name":"com.netflix.eureka.registry.AbstractInstanceRegistry","thread_name":"Eureka-EvictionTimer","level":"INFO","level_value":20000}
{"@timestamp":"2025-05-14T15:59:19.689079+09:00","@version":"1","message":"Running the evict task with compensationTime 4ms","logger_name":"com.netflix.eureka.registry.AbstractInstanceRegistry","thread_name":"Eureka-EvictionTimer","level":"INFO","level_value":20000}
{"@timestamp":"2025-05-14T16:00:19.694111+09:00","@version":"1","message":"Running the evict task with compensationTime 5ms","logger_name":"com.netflix.eureka.registry.AbstractInstanceRegistry","thread_name":"Eureka-EvictionTimer","level":"INFO","level_value":20000}
{"@timestamp":"2025-05-14T16:01:19.365031+09:00","@version":"1","message":"Current renewal threshold is : 0","logger_name":"com.netflix.eureka.registry.PeerAwareInstanceRegistryImpl","thread_name":"ReplicaAwareInstanceRegistry - RenewalThresholdUpdater","level":"INFO","level_value":20000}
{"@timestamp":"2025-05-14T16:01:19.695705+09:00","@version":"1","message":"Running the evict task with compensationTime 1ms","logger_name":"com.netflix.eureka.registry.AbstractInstanceRegistry","thread_name":"Eureka-EvictionTimer","level":"INFO","level_value":20000}
{"@timestamp":"2025-05-14T16:02:19.701181+09:00","@version":"1","message":"Running the evict task with compensationTime 5ms","logger_name":"com.netflix.eureka.registry.AbstractInstanceRegistry","thread_name":"Eureka-EvictionTimer","level":"INFO","level_value":20000}
{"@timestamp":"2025-05-14T16:03:19.706929+09:00","@version":"1","message":"Running the evict task with compensationTime 5ms","logger_name":"com.netflix.eureka.registry.AbstractInstanceRegistry","thread_name":"Eureka-EvictionTimer","level":"INFO","level_value":20000}
{"@timestamp":"2025-05-14T16:04:19.71167+09:00","@version":"1","message":"Running the evict task with compensationTime 4ms","logger_name":"com.netflix.eureka.registry.AbstractInstanceRegistry","thread_name":"Eureka-EvictionTimer","level":"INFO","level_value":20000}
{"@timestamp":"2025-05-14T16:05:19.716837+09:00","@version":"1","message":"Running the evict task with compensationTime 5ms","logger_name":"com.netflix.eureka.registry.AbstractInstanceRegistry","thread_name":"Eureka-EvictionTimer","level":"INFO","level_value":20000}
{"@timestamp":"2025-05-14T16:06:19.408777+09:00","@version":"1","message":"The replica size seems to be empty. Check the route 53 DNS Registry","logger_name":"com.netflix.eureka.cluster.PeerEurekaNodes","thread_name":"Eureka-PeerNodesUpdater","level":"WARN","level_value":30000}
{"@timestamp":"2025-05-14T16:06:19.721556+09:00","@version":"1","message":"Running the evict task with compensationTime 4ms","logger_name":"com.netflix.eureka.registry.AbstractInstanceRegistry","thread_name":"Eureka-EvictionTimer","level":"INFO","level_value":20000}
{"@timestamp":"2025-05-14T16:07:19.722199+09:00","@version":"1","message":"Running the evict task with compensationTime 0ms","logger_name":"com.netflix.eureka.registry.AbstractInstanceRegistry","thread_name":"Eureka-EvictionTimer","level":"INFO","level_value":20000}
{"@timestamp":"2025-05-14T16:08:19.728127+09:00","@version":"1","message":"Running the evict task with compensationTime 5ms","logger_name":"com.netflix.eureka.registry.AbstractInstanceRegistry","thread_name":"Eureka-EvictionTimer","level":"INFO","level_value":20000}
{"@timestamp":"2025-05-14T16:09:19.727602+09:00","@version":"1","message":"Running the evict task with compensationTime 0ms","logger_name":"com.netflix.eureka.registry.AbstractInstanceRegistry","thread_name":"Eureka-EvictionTimer","level":"INFO","level_value":20000}
{"@timestamp":"2025-05-14T16:10:19.735426+09:00","@version":"1","message":"Running the evict task with compensationTime 4ms","logger_name":"com.netflix.eureka.registry.AbstractInstanceRegistry","thread_name":"Eureka-EvictionTimer","level":"INFO","level_value":20000}
{"@timestamp":"2025-05-14T16:11:19.738799+09:00","@version":"1","message":"Running the evict task with compensationTime 5ms","logger_name":"com.netflix.eureka.registry.AbstractInstanceRegistry","thread_name":"Eureka-EvictionTimer","level":"INFO","level_value":20000}
{"@timestamp":"2025-05-14T16:12:19.740366+09:00","@version":"1","message":"Running the evict task with compensationTime 1ms","logger_name":"com.netflix.eureka.registry.AbstractInstanceRegistry","thread_name":"Eureka-EvictionTimer","level":"INFO","level_value":20000}
{"@timestamp":"2025-05-14T16:13:19.745708+09:00","@version":"1","message":"Running the evict task with compensationTime 5ms","logger_name":"com.netflix.eureka.registry.AbstractInstanceRegistry","thread_name":"Eureka-EvictionTimer","level":"INFO","level_value":20000}
{"@timestamp":"2025-05-14T16:14:19.746838+09:00","@version":"1","message":"Running the evict task with compensationTime 1ms","logger_name":"com.netflix.eureka.registry.AbstractInstanceRegistry","thread_name":"Eureka-EvictionTimer","level":"INFO","level_value":20000}
{"@timestamp":"2025-05-14T16:15:19.751873+09:00","@version":"1","message":"Running the evict task with compensationTime 4ms","logger_name":"com.netflix.eureka.registry.AbstractInstanceRegistry","thread_name":"Eureka-EvictionTimer","level":"INFO","level_value":20000}
{"@timestamp":"2025-05-14T16:15:37.832688+09:00","@version":"1","message":"Unregistering application EUREKA-SERVICE with eureka with status DOWN","logger_name":"org.springframework.cloud.netflix.eureka.serviceregistry.EurekaServiceRegistry","thread_name":"SpringApplicationShutdownHook","level":"INFO","level_value":20000}
{"@timestamp":"2025-05-14T16:15:37.840863+09:00","@version":"1","message":"Commencing graceful shutdown. Waiting for active requests to complete","logger_name":"org.springframework.boot.web.embedded.tomcat.GracefulShutdown","thread_name":"SpringApplicationShutdownHook","level":"INFO","level_value":20000}
{"@timestamp":"2025-05-14T16:15:37.854705+09:00","@version":"1","message":"Graceful shutdown complete","logger_name":"org.springframework.boot.web.embedded.tomcat.GracefulShutdown","thread_name":"tomcat-shutdown","level":"INFO","level_value":20000}
{"@timestamp":"2025-05-14T16:15:37.859512+09:00","@version":"1","message":"Shutting down Eureka Server..","logger_name":"org.springframework.cloud.netflix.eureka.server.EurekaServerBootstrap","thread_name":"SpringApplicationShutdownHook","level":"INFO","level_value":20000}
{"@timestamp":"2025-05-14T16:15:37.859605+09:00","@version":"1","message":"Shutting down ...","logger_name":"com.netflix.eureka.DefaultEurekaServerContext","thread_name":"SpringApplicationShutdownHook","level":"INFO","level_value":20000}
{"@timestamp":"2025-05-14T16:15:37.859926+09:00","@version":"1","message":"Shut down","logger_name":"com.netflix.eureka.DefaultEurekaServerContext","thread_name":"SpringApplicationShutdownHook","level":"INFO","level_value":20000}
{"@timestamp":"2025-05-14T16:15:37.859979+09:00","@version":"1","message":"Eureka Service is now shutdown...","logger_name":"org.springframework.cloud.netflix.eureka.server.EurekaServerBootstrap","thread_name":"SpringApplicationShutdownHook","level":"INFO","level_value":20000}
{"@timestamp":"2025-05-14T16:15:37.8605+09:00","@version":"1","message":"Shutting down ...","logger_name":"com.netflix.eureka.DefaultEurekaServerContext","thread_name":"SpringApplicationShutdownHook","level":"INFO","level_value":20000}
{"@timestamp":"2025-05-14T16:15:37.86054+09:00","@version":"1","message":"Shut down","logger_name":"com.netflix.eureka.DefaultEurekaServerContext","thread_name":"SpringApplicationShutdownHook","level":"INFO","level_value":20000}
{"@timestamp":"2025-05-14T16:15:37.865066+09:00","@version":"1","message":"Shutting down DiscoveryClient ...","logger_name":"com.netflix.discovery.DiscoveryClient","thread_name":"SpringApplicationShutdownHook","level":"INFO","level_value":20000}
{"@timestamp":"2025-05-14T16:15:37.865113+09:00","@version":"1","message":"Completed shut down of DiscoveryClient","logger_name":"com.netflix.discovery.DiscoveryClient","thread_name":"SpringApplicationShutdownHook","level":"INFO","level_value":20000}
